<?xml version="1.0" encoding="UTF-8"?>
<!-- Generated by org.testng.reporters.JUnitReportReporter -->
<testsuite skipped="0" hostname="L30077WIN" name="com.api.rest.api.restassuredhelper.runner.PostMethodTestNgRunner" tests="2" failures="0" timestamp="28 Dec 2017 12:34:51 GMT" time="2.113" errors="0">
  <testcase name="feature" time="2.007" classname="com.api.rest.api.restassuredhelper.runner.PostMethodTestNgRunner"/>
  <testcase name="feature" time="0.106" classname="com.api.rest.api.restassuredhelper.runner.PostMethodTestNgRunner"/>
</testsuite> <!-- com.api.rest.api.restassuredhelper.runner.PostMethodTestNgRunner -->
