<?xml version="1.0" encoding="UTF-8"?>
<!-- Generated by org.testng.reporters.JUnitReportReporter -->
<testsuite skipped="0" hostname="L41992WUS" name="com.api.rest.api.oauth2.TestGetOAuth2Token" tests="1" failures="0" timestamp="13 Mar 2022 19:19:53 GMT" time="0.245" errors="0">
  <testcase name="getFolderList" time="0.245" classname="com.api.rest.api.oauth2.TestGetOAuth2Token"/>
</testsuite> <!-- com.api.rest.api.oauth2.TestGetOAuth2Token -->
