<?xml version="1.0" encoding="UTF-8"?>
<!-- Generated by org.testng.reporters.JUnitReportReporter -->
<testsuite skipped="0" hostname="L41992WUS" name="com.api.rest.api.oauth2.GetToken" tests="1" failures="0" timestamp="12 Mar 2022 00:14:02 GMT" time="11.486" errors="0">
  <testcase name="token" time="11.486" classname="com.api.rest.api.oauth2.GetToken"/>
</testsuite> <!-- com.api.rest.api.oauth2.GetToken -->
