<?xml version="1.0" encoding="UTF-8"?>
<!-- Generated by org.testng.reporters.JUnitReportReporter -->
<testsuite skipped="0" hostname="L33986WUS" name="com.api.rest.api.questions.TestMockGetRequest" tests="1" failures="0" timestamp="04 Sep 2020 16:53:50 GMT" time="1.163" errors="0">
  <testcase name="mockGetRequest" time="1.163" classname="com.api.rest.api.questions.TestMockGetRequest"/>
</testsuite> <!-- com.api.rest.api.questions.TestMockGetRequest -->
