<?xml version="1.0" encoding="UTF-8"?>
<!-- Generated by org.testng.reporters.JUnitReportReporter -->
<testsuite skipped="0" hostname="L41992WUS" name="com.api.rest.api.oauth2.TestGetFolderListUsingOAuth2" tests="1" failures="0" timestamp="13 Mar 2022 02:19:12 GMT" time="14.233" errors="0">
  <testcase name="testGetToken" time="14.233" classname="com.api.rest.api.oauth2.TestGetFolderListUsingOAuth2"/>
</testsuite> <!-- com.api.rest.api.oauth2.TestGetFolderListUsingOAuth2 -->
