<?xml version="1.0" encoding="UTF-8"?>
<!-- Generated by org.testng.reporters.JUnitReportReporter -->
<testsuite skipped="0" hostname="L33986WUS" name="com.api.rest.api.questions.DeSerializeJson" tests="1" failures="0" timestamp="03 Dec 2019 01:42:32 GMT" time="43.612" errors="0">
  <testcase name="testDeSerializeJson" time="43.612" classname="com.api.rest.api.questions.DeSerializeJson"/>
</testsuite> <!-- com.api.rest.api.questions.DeSerializeJson -->
