<?xml version="1.0" encoding="UTF-8"?>
<!-- Generated by org.testng.reporters.JUnitReportReporter -->
<testsuite skipped="0" hostname="L33986WUS" name="com.api.rest.api.questions.TestMockHelper" tests="1" failures="0" timestamp="03 Sep 2020 18:22:29 GMT" time="1.289" errors="0">
  <testcase name="mockGetRequest" time="1.289" classname="com.api.rest.api.questions.TestMockHelper"/>
</testsuite> <!-- com.api.rest.api.questions.TestMockHelper -->
